01:41:25: XMLMeshSerializer reading mesh data from C:\Users\Vic_M\OneDrive\Escritorio\GPUs\TrabajoFinal\ProyectosOGREvc15x86_2\media\GPUs_Assets\triangle.mesh.xml...
01:41:25: Reading geometry...
01:41:25: Geometry done...
01:41:25: Reading submeshes...
01:41:25: Submeshes done.
01:41:25: Reading mesh names...
01:41:25: Mesh names done.
01:41:25: XMLMeshSerializer import successful.
01:41:25: MeshSerializer writing mesh data to stream C:\Users\Vic_M\OneDrive\Escritorio\GPUs\TrabajoFinal\ProyectosOGREvc15x86_2\media\GPUs_Assets\triangle.mesh...
01:41:25: File header written.
01:41:25: Writing mesh data...
01:41:25: Writing submesh...
01:41:25: Exporting submesh texture aliases...
01:41:25: Submesh texture aliases exported.
01:41:25: Submesh exported.
01:41:25: Exporting bounds information....
01:41:25: Bounds information exported.
01:41:25: Exporting submesh name table...
01:41:25: Submesh name table exported.
01:41:25: Mesh data exported.
01:41:25: MeshSerializer export successful.
